<?xml version="1.0" encoding="UTF-8"?>
<!-- Generated by org.testng.reporters.JUnitReportReporter -->
<testsuite skipped="0" hostname="MEXMON715L" name="unitTestPackage.unitTestClass" tests="1" failures="0" timestamp="15 Aug 2018 22:07:32 GMT" time="0.024" errors="0">
  <testcase name="testUnit" time="0.024" classname="unitTestPackage.unitTestClass"/>
</testsuite> <!-- unitTestPackage.unitTestClass -->
