<?xml version="1.0" encoding="UTF-8"?>
<!-- Generated by org.testng.reporters.JUnitReportReporter -->
<testsuite skipped="0" hostname="MEXMON715L" name="unitTestPackage.UnitTest" tests="1" failures="0" timestamp="21 Aug 2018 15:18:02 GMT" time="0.174" errors="0">
  <testcase name="testUnit" time="0.174" classname="unitTestPackage.UnitTest"/>
</testsuite> <!-- unitTestPackage.UnitTest -->
